SF:lib\data\model\tvseries_table.dart
DA:13,2
DA:20,2
DA:21,1
DA:22,1
DA:23,1
DA:24,1
DA:27,2
DA:28,1
DA:29,1
DA:30,1
DA:31,1
DA:34,2
DA:35,1
DA:36,1
DA:37,1
DA:38,1
DA:41,0
DA:42,0
DA:43,0
DA:44,0
DA:45,0
DA:48,2
DA:49,1
DA:50,1
DA:51,1
DA:52,1
DA:55,2
DA:56,10
LF:28
LH:23
end_of_record
SF:lib\domain\entities\tvseries.dart
DA:4,11
DA:20,2
DA:41,7
DA:42,7
DA:43,7
DA:44,7
DA:45,7
DA:46,7
DA:47,7
DA:48,7
DA:49,7
DA:50,7
DA:51,7
DA:52,7
DA:53,7
DA:54,7
DA:55,7
LF:17
LH:17
end_of_record
SF:lib\domain\entities\tvseries_detail.dart
DA:6,6
DA:34,1
DA:35,1
DA:36,1
DA:37,1
DA:38,1
DA:39,1
DA:40,1
DA:41,1
DA:42,1
DA:43,1
DA:44,1
DA:45,1
DA:46,1
DA:47,1
LF:15
LH:15
end_of_record
SF:lib\data\datasources\tvseries_local_data_source.dart
DA:18,1
DA:20,1
DA:23,2
DA:26,2
DA:30,1
DA:33,2
DA:36,2
DA:40,1
DA:42,2
DA:44,1
DA:50,1
DA:52,2
DA:53,4
DA:56,1
DA:58,2
DA:59,2
DA:62,1
DA:64,2
DA:65,2
DA:66,4
DA:68,1
LF:21
LH:21
end_of_record
SF:lib\data\datasources\tvseries_remote_data_source.dart
DA:24,1
DA:26,1
DA:29,4
DA:31,2
DA:32,4
DA:34,1
DA:38,1
DA:41,4
DA:43,2
DA:44,3
DA:46,1
DA:50,1
DA:52,1
DA:53,3
DA:55,2
DA:56,4
DA:58,1
DA:62,1
DA:65,4
DA:67,2
DA:68,4
DA:70,1
DA:74,1
DA:77,4
DA:79,2
DA:80,4
DA:82,1
DA:86,1
DA:88,1
DA:89,3
DA:91,2
DA:92,4
DA:94,1
LF:33
LH:33
end_of_record
SF:lib\data\model\tvseries_detail_model.dart
DA:7,2
DA:59,1
DA:60,1
DA:61,1
DA:62,4
DA:63,1
DA:64,1
DA:65,4
DA:66,1
DA:67,1
DA:68,1
DA:69,4
DA:70,1
DA:71,1
DA:72,1
DA:73,1
DA:74,1
DA:75,4
DA:76,1
DA:77,1
DA:78,1
DA:79,2
DA:80,1
DA:81,1
DA:82,1
DA:83,1
DA:84,2
DA:85,1
DA:88,0
DA:89,0
DA:90,0
DA:91,0
DA:92,0
DA:93,0
DA:94,0
DA:95,0
DA:96,0
DA:97,0
DA:98,0
DA:99,0
DA:100,0
DA:101,0
DA:102,0
DA:103,0
DA:104,0
DA:105,0
DA:106,0
DA:107,0
DA:108,0
DA:109,0
DA:110,0
DA:111,0
DA:112,0
DA:115,1
DA:116,1
DA:117,1
DA:118,5
DA:119,1
DA:120,1
DA:121,1
DA:122,1
DA:123,1
DA:124,1
DA:125,1
DA:126,1
DA:127,1
DA:128,1
DA:132,1
DA:133,1
DA:134,1
DA:135,1
DA:136,1
DA:137,1
DA:138,1
DA:139,1
DA:140,1
DA:141,1
DA:142,1
DA:143,1
DA:144,1
DA:145,1
DA:146,1
DA:147,1
DA:148,1
DA:149,1
DA:150,1
DA:151,1
DA:152,1
DA:153,1
DA:154,1
DA:155,1
DA:156,1
DA:157,1
LF:93
LH:68
end_of_record
SF:lib\data\model\tvseries_model.dart
DA:6,4
DA:36,4
DA:37,2
DA:38,2
DA:39,8
DA:40,2
DA:41,2
DA:42,8
DA:43,2
DA:44,2
DA:45,2
DA:46,4
DA:47,2
DA:48,4
DA:49,2
DA:52,2
DA:53,1
DA:54,1
DA:55,4
DA:56,1
DA:57,1
DA:58,4
DA:59,1
DA:60,1
DA:61,1
DA:62,1
DA:63,1
DA:64,1
DA:65,1
DA:66,1
DA:69,2
DA:70,2
DA:71,2
DA:72,2
DA:73,2
DA:74,2
DA:75,2
DA:76,2
DA:77,2
DA:78,2
DA:79,2
DA:80,2
DA:81,2
DA:82,2
DA:83,2
DA:87,2
DA:88,2
DA:89,2
DA:90,2
DA:91,2
DA:92,2
DA:93,2
DA:94,2
DA:95,2
DA:96,2
DA:97,2
DA:98,2
DA:99,2
LF:58
LH:58
end_of_record
SF:lib\data\model\tvseries_response.dart
DA:8,2
DA:10,4
DA:11,4
DA:12,6
DA:13,6
DA:16,2
DA:17,5
DA:20,1
DA:21,2
LF:9
LH:9
end_of_record
SF:lib\data\repisitories\tvseries_repository_impl.dart
DA:18,1
DA:24,1
DA:26,2
DA:28,2
DA:29,2
DA:30,4
DA:31,5
DA:32,1
DA:33,2
DA:34,0
DA:35,0
DA:39,2
DA:40,5
DA:41,1
DA:42,3
DA:47,1
DA:50,2
DA:51,2
DA:52,1
DA:53,2
DA:54,1
DA:55,2
DA:56,0
DA:57,0
DA:61,1
DA:64,2
DA:65,3
DA:66,1
DA:67,2
DA:68,1
DA:69,2
DA:70,0
DA:71,0
DA:75,1
DA:78,2
DA:79,5
DA:80,1
DA:81,2
DA:82,1
DA:83,2
DA:84,0
DA:85,0
DA:89,1
DA:92,2
DA:93,5
DA:94,1
DA:95,2
DA:96,1
DA:97,2
DA:98,0
DA:99,0
DA:103,1
DA:106,2
DA:107,5
DA:108,1
DA:109,2
DA:110,1
DA:111,2
DA:112,0
DA:113,0
DA:117,1
DA:121,3
DA:122,1
DA:123,1
DA:124,3
DA:130,1
DA:134,3
DA:135,1
DA:136,1
DA:137,3
DA:141,1
DA:143,2
DA:147,1
DA:149,2
DA:150,5
LF:75
LH:63
end_of_record
SF:lib\domain\usecases\get_now_playing_tvseries.dart
DA:10,1
DA:12,1
DA:13,2
LF:3
LH:3
end_of_record
SF:lib\domain\usecases\get_popular_tvseries.dart
DA:10,1
DA:12,1
DA:13,2
LF:3
LH:3
end_of_record
SF:lib\domain\usecases\get_top_rated_tvseries.dart
DA:10,1
DA:12,1
DA:13,2
LF:3
LH:3
end_of_record
SF:lib\domain\usecases\get_tvseries_detail.dart
DA:10,1
DA:12,1
DA:13,2
LF:3
LH:3
end_of_record
SF:lib\domain\usecases\get_tvseries_recommendations.dart
DA:10,1
DA:12,1
DA:13,2
LF:3
LH:3
end_of_record
SF:lib\domain\usecases\get_tvseries_watchlist_status.dart
DA:7,1
DA:9,1
DA:10,2
LF:3
LH:3
end_of_record
SF:lib\domain\usecases\get_watchlist_tvseries.dart
DA:10,1
DA:12,1
DA:13,2
LF:3
LH:3
end_of_record
SF:lib\domain\usecases\remove_tvseries_watchlist.dart
DA:10,1
DA:12,1
DA:13,2
LF:3
LH:3
end_of_record
SF:lib\domain\usecases\save_tvseries_watchlist.dart
DA:10,1
DA:12,1
DA:13,2
LF:3
LH:3
end_of_record
SF:lib\presentation\bloc\detailtvseries\detail_tvseries_event.dart
DA:5,2
DA:10,2
DA:12,0
DA:13,0
DA:19,1
DA:21,0
DA:22,0
DA:28,1
DA:30,0
DA:31,0
DA:36,2
DA:38,0
DA:39,0
LF:13
LH:5
end_of_record
SF:lib\presentation\bloc\detailtvseries\detail_tvseries_bloc.dart
DA:24,1
DA:29,2
DA:30,2
DA:31,3
DA:32,3
DA:34,1
DA:35,1
DA:36,3
DA:38,1
DA:39,3
DA:47,2
DA:48,3
DA:50,2
DA:51,4
DA:52,1
DA:53,3
DA:56,4
DA:58,2
DA:59,3
DA:61,2
DA:62,4
DA:63,1
DA:64,3
DA:67,4
DA:69,2
DA:70,3
DA:71,3
LF:27
LH:27
end_of_record
SF:lib\presentation\bloc\detailtvseries\detail_tvseries_state.dart
DA:10,22
DA:17,2
DA:23,2
DA:24,2
DA:25,2
DA:26,2
DA:27,1
DA:31,2
DA:40,1
DA:41,1
DA:42,1
DA:43,1
DA:44,1
LF:13
LH:13
end_of_record
SF:lib\presentation\bloc\tvseries\tvseries_bloc.dart
DA:17,3
DA:18,2
DA:19,2
DA:20,2
DA:22,1
DA:23,1
DA:24,3
DA:26,1
DA:27,2
DA:37,3
DA:38,2
DA:39,2
DA:40,2
DA:42,1
DA:43,1
DA:44,3
DA:46,1
DA:47,2
DA:57,3
DA:58,2
DA:59,2
DA:60,2
DA:62,1
DA:63,1
DA:64,3
DA:66,1
DA:67,2
DA:77,3
DA:78,2
DA:79,2
DA:80,2
DA:82,1
DA:83,1
DA:84,3
DA:86,1
DA:87,2
DA:97,1
DA:99,2
DA:100,2
DA:101,1
DA:102,2
DA:103,2
DA:105,1
DA:106,1
DA:107,3
DA:109,1
DA:110,2
LF:47
LH:47
end_of_record
SF:lib\presentation\bloc\tvseries\tvseries_event.dart
DA:4,14
DA:8,12
DA:10,1
DA:11,1
DA:16,3
DA:18,1
DA:19,2
LF:7
LH:7
end_of_record
SF:lib\presentation\bloc\tvseries\tvseries_state.dart
DA:4,14
DA:6,5
DA:7,5
DA:17,13
DA:19,5
DA:20,10
DA:26,9
DA:28,5
DA:29,10
LF:9
LH:9
end_of_record
SF:lib\presentation\pages\tvseries_detail_page.dart
DA:18,1
DA:20,1
DA:21,1
DA:25,1
DA:27,1
DA:28,2
DA:29,1
DA:30,1
DA:31,4
DA:32,1
DA:33,1
DA:34,4
DA:35,6
DA:39,1
DA:41,1
DA:42,1
DA:43,0
DA:44,0
DA:46,0
DA:48,0
DA:49,0
DA:53,0
DA:55,0
DA:56,0
DA:57,0
DA:62,0
DA:63,0
DA:64,0
DA:65,0
DA:67,1
DA:68,2
DA:72,2
DA:73,1
DA:74,1
DA:75,1
DA:76,1
DA:94,1
DA:95,1
DA:97,1
DA:99,3
DA:100,1
DA:101,1
DA:102,1
DA:103,3
DA:105,1
DA:108,0
DA:110,1
DA:112,1
DA:113,1
DA:114,1
DA:124,1
DA:125,1
DA:126,1
DA:128,1
DA:130,1
DA:132,1
DA:133,1
DA:134,2
DA:135,1
DA:137,1
DA:138,0
DA:139,0
DA:141,0
DA:142,0
DA:145,0
DA:146,0
DA:149,1
DA:151,1
DA:152,1
DA:159,1
DA:160,3
DA:162,1
DA:163,1
DA:164,2
DA:166,1
DA:167,1
DA:168,2
DA:170,1
DA:171,1
DA:172,1
DA:173,3
DA:175,1
DA:181,4
DA:185,1
DA:187,1
DA:189,1
DA:190,2
DA:193,1
DA:195,1
DA:197,1
DA:199,1
DA:200,1
DA:204,1
DA:205,1
DA:206,1
DA:208,1
DA:210,1
DA:211,1
DA:212,1
DA:214,1
DA:215,0
DA:216,0
DA:219,0
DA:222,1
DA:227,1
DA:229,2
DA:230,1
DA:236,0
DA:243,1
DA:251,1
DA:253,1
DA:270,1
DA:272,1
DA:275,1
DA:277,0
DA:278,0
DA:287,1
DA:289,2
DA:290,3
DA:293,1
DA:297,3
DA:300,1
DA:301,1
LF:123
LH:97
end_of_record
SF:lib\presentation\pages\now_playing_tvseries_page.dart
DA:10,1
DA:11,1
DA:15,1
DA:17,1
DA:18,2
DA:19,3
DA:23,1
DA:25,1
DA:26,1
DA:29,1
DA:31,1
DA:32,1
DA:33,1
DA:37,1
DA:38,1
DA:39,1
DA:40,2
DA:41,1
DA:43,2
DA:45,1
DA:46,1
DA:48,2
DA:51,1
LF:23
LH:23
end_of_record
SF:lib\presentation\pages\top_rated_tvseries_page.dart
DA:11,1
DA:12,1
DA:16,1
DA:18,1
DA:19,2
DA:20,3
DA:24,1
DA:26,1
DA:27,1
DA:30,1
DA:32,1
DA:33,1
DA:34,1
DA:38,1
DA:39,1
DA:40,1
DA:41,2
DA:42,1
DA:44,2
DA:46,1
DA:47,1
DA:49,2
DA:52,1
LF:23
LH:23
end_of_record
SF:lib\presentation\widgets\tvseries_card_list.dart
DA:12,6
DA:14,3
DA:16,3
DA:18,3
DA:19,0
DA:20,0
DA:23,0
DA:26,3
DA:28,3
DA:29,3
DA:30,3
DA:36,3
DA:38,3
DA:39,3
DA:40,6
DA:43,3
DA:46,3
DA:47,6
DA:55,3
DA:60,3
DA:62,3
DA:63,9
DA:65,3
DA:68,0
LF:24
LH:20
end_of_record
SF:lib\presentation\pages\popular_tvseries_page.dart
DA:10,1
DA:11,1
DA:15,1
DA:17,1
DA:18,2
DA:19,3
DA:23,1
DA:25,1
DA:26,1
DA:29,1
DA:31,1
DA:32,1
DA:33,1
DA:37,1
DA:38,1
DA:39,1
DA:40,2
DA:41,1
DA:43,2
DA:45,1
DA:46,1
DA:48,2
DA:51,1
LF:23
LH:23
end_of_record
